Compiled jquery.js  (5ms)  (pid 3193)
Compiled jquery_ujs.js  (2ms)  (pid 3193)
Compiled articles.js  (428ms)  (pid 3193)
Compiled comments.js  (1ms)  (pid 3193)
Compiled application.js  (530ms)  (pid 3193)
Compiled articles.css  (265ms)  (pid 3193)
Compiled comments.css  (2ms)  (pid 3193)
Compiled scaffolds.css  (25ms)  (pid 3193)
Compiled application.css  (381ms)  (pid 3193)
Compiled jquery.js  (6ms)  (pid 3193)
Compiled jquery_ujs.js  (0ms)  (pid 3193)
Compiled articles.js  (204ms)  (pid 3193)
Compiled comments.js  (3ms)  (pid 3193)
Compiled application.js  (285ms)  (pid 3193)
Compiled articles.css  (165ms)  (pid 3193)
Compiled comments.css  (2ms)  (pid 3193)
Compiled scaffolds.css  (25ms)  (pid 3193)
Compiled application.css  (224ms)  (pid 3193)
Compiled jquery.js  (11ms)  (pid 3244)
Compiled jquery_ujs.js  (1ms)  (pid 3244)
Compiled articles.js  (249ms)  (pid 3244)
Compiled comments.js  (2ms)  (pid 3244)
Compiled application.js  (468ms)  (pid 3244)
Compiled articles.css  (223ms)  (pid 3244)
Compiled comments.css  (4ms)  (pid 3244)
Compiled scaffold.css  (0ms)  (pid 3244)
Compiled application.css  (322ms)  (pid 3244)
Compiled jquery.js  (4ms)  (pid 3244)
Compiled jquery_ujs.js  (0ms)  (pid 3244)
Compiled articles.js  (203ms)  (pid 3244)
Compiled comments.js  (1ms)  (pid 3244)
Compiled application.js  (262ms)  (pid 3244)
Compiled articles.css  (174ms)  (pid 3244)
Compiled comments.css  (2ms)  (pid 3244)
Compiled scaffold.css  (0ms)  (pid 3244)
Compiled application.css  (208ms)  (pid 3244)
Compiled jquery.js  (10ms)  (pid 3547)
Compiled jquery_ujs.js  (1ms)  (pid 3547)
Compiled articles.js  (253ms)  (pid 3547)
Compiled comments.js  (1ms)  (pid 3547)
Compiled application.js  (429ms)  (pid 3547)
Compiled articles.css  (412ms)  (pid 3547)
Compiled comments.css  (3ms)  (pid 3547)
Compiled scaffold.css  (0ms)  (pid 3547)
Compiled application.css  (509ms)  (pid 3547)
Compiled jquery.js  (8ms)  (pid 3547)
Compiled jquery_ujs.js  (0ms)  (pid 3547)
Compiled articles.js  (240ms)  (pid 3547)
Compiled comments.js  (2ms)  (pid 3547)
Compiled application.js  (325ms)  (pid 3547)
Compiled articles.css  (163ms)  (pid 3547)
Compiled comments.css  (1ms)  (pid 3547)
Compiled scaffold.css  (0ms)  (pid 3547)
Compiled application.css  (197ms)  (pid 3547)
Compiled jquery_ujs.js  (1ms)  (pid 4422)
Compiled articles.js  (381ms)  (pid 4422)
Compiled comments.js  (2ms)  (pid 4422)
Compiled application.js  (525ms)  (pid 4422)
Compiled articles.css  (223ms)  (pid 4422)
Compiled blueprint/ie.css  (1ms)  (pid 4422)
Compiled blueprint/plugins/buttons/screen.css  (0ms)  (pid 4422)
Compiled blueprint/plugins/fancy-type/screen.css  (0ms)  (pid 4422)
Compiled blueprint/plugins/link-icons/screen.css  (0ms)  (pid 4422)
Compiled blueprint/plugins/rtl/screen.css  (1ms)  (pid 4422)
Compiled blueprint/print.css  (0ms)  (pid 4422)
Compiled blueprint/screen.css  (0ms)  (pid 4422)
Compiled blueprint/src/forms.css  (0ms)  (pid 4422)
Compiled blueprint/src/grid.css  (0ms)  (pid 4422)
Compiled blueprint/src/ie.css  (0ms)  (pid 4422)
Compiled blueprint/src/print.css  (0ms)  (pid 4422)
Compiled blueprint/src/reset.css  (0ms)  (pid 4422)
Compiled blueprint/src/typography.css  (1ms)  (pid 4422)
Compiled comments.css  (3ms)  (pid 4422)
Compiled scaffold.css  (0ms)  (pid 4422)
Compiled scaffolds.css  (30ms)  (pid 4422)
Compiled application.css  (678ms)  (pid 4422)
Compiled jquery_ujs.js  (0ms)  (pid 4422)
Compiled articles.js  (231ms)  (pid 4422)
Compiled comments.js  (1ms)  (pid 4422)
Compiled application.js  (262ms)  (pid 4422)
Compiled articles.css  (87ms)  (pid 4422)
Compiled blueprint/ie.css  (0ms)  (pid 4422)
Compiled blueprint/plugins/buttons/screen.css  (0ms)  (pid 4422)
Compiled blueprint/plugins/fancy-type/screen.css  (0ms)  (pid 4422)
Compiled blueprint/plugins/link-icons/screen.css  (0ms)  (pid 4422)
Compiled blueprint/plugins/rtl/screen.css  (0ms)  (pid 4422)
Compiled blueprint/print.css  (0ms)  (pid 4422)
Compiled blueprint/screen.css  (0ms)  (pid 4422)
Compiled blueprint/src/forms.css  (0ms)  (pid 4422)
Compiled blueprint/src/grid.css  (0ms)  (pid 4422)
Compiled blueprint/src/ie.css  (0ms)  (pid 4422)
Compiled blueprint/src/print.css  (0ms)  (pid 4422)
Compiled blueprint/src/reset.css  (1ms)  (pid 4422)
Compiled blueprint/src/typography.css  (0ms)  (pid 4422)
Compiled comments.css  (2ms)  (pid 4422)
Compiled scaffold.css  (0ms)  (pid 4422)
Compiled scaffolds.css  (21ms)  (pid 4422)
Compiled application.css  (402ms)  (pid 4422)
Compiled jquery_ujs.js  (1ms)  (pid 4642)
Compiled articles.js  (999ms)  (pid 4642)
Compiled comments.js  (3ms)  (pid 4642)
Compiled application.js  (1212ms)  (pid 4642)
Compiled articles.css  (658ms)  (pid 4642)
Compiled comments.css  (4ms)  (pid 4642)
Compiled scaffold.css  (0ms)  (pid 4642)
Compiled scaffolds.css  (31ms)  (pid 4642)
Compiled application.css  (999ms)  (pid 4642)
Compiled jquery_ujs.js  (1ms)  (pid 4642)
Compiled articles.js  (343ms)  (pid 4642)
Compiled comments.js  (1ms)  (pid 4642)
Compiled application.js  (441ms)  (pid 4642)
Compiled articles.css  (147ms)  (pid 4642)
Compiled comments.css  (5ms)  (pid 4642)
Compiled scaffold.css  (0ms)  (pid 4642)
Compiled scaffolds.css  (23ms)  (pid 4642)
Compiled application.css  (293ms)  (pid 4642)
Compiled jquery_ujs.js  (1ms)  (pid 4674)
Compiled articles.js  (293ms)  (pid 4674)
Compiled comments.js  (1ms)  (pid 4674)
Compiled application.js  (387ms)  (pid 4674)
Compiled articles.css  (127ms)  (pid 4674)
Compiled comments.css  (3ms)  (pid 4674)
Compiled scaffold.css  (0ms)  (pid 4674)
Compiled scaffolds.css  (24ms)  (pid 4674)
Compiled application.css  (248ms)  (pid 4674)
Compiled jquery_ujs.js  (0ms)  (pid 4674)
Compiled articles.js  (271ms)  (pid 4674)
Compiled comments.js  (1ms)  (pid 4674)
Compiled application.js  (303ms)  (pid 4674)
Compiled articles.css  (88ms)  (pid 4674)
Compiled comments.css  (2ms)  (pid 4674)
Compiled scaffold.css  (0ms)  (pid 4674)
Compiled scaffolds.css  (24ms)  (pid 4674)
Compiled application.css  (206ms)  (pid 4674)
Compiled jquery_ujs.js  (1ms)  (pid 2429)
Compiled articles.js  (319ms)  (pid 2429)
Compiled comments.js  (1ms)  (pid 2429)
Compiled application.js  (434ms)  (pid 2429)
Compiled articles.css  (230ms)  (pid 2429)
Compiled comments.css  (2ms)  (pid 2429)
Compiled scaffold.css  (0ms)  (pid 2429)
Compiled scaffolds.css  (25ms)  (pid 2429)
Compiled application.css  (532ms)  (pid 2429)
Compiled jquery_ujs.js  (0ms)  (pid 2429)
Compiled articles.js  (262ms)  (pid 2429)
Compiled comments.js  (2ms)  (pid 2429)
Compiled application.js  (302ms)  (pid 2429)
Compiled articles.css  (99ms)  (pid 2429)
Compiled comments.css  (2ms)  (pid 2429)
Compiled scaffold.css  (0ms)  (pid 2429)
Compiled scaffolds.css  (25ms)  (pid 2429)
Compiled application.css  (241ms)  (pid 2429)
